<?xml version="1.0" encoding="UTF-8" ?>
<testsuite tests="6" failures="0" name="TuileTest" time="0.003" errors="0" skipped="0">
  <properties>
[...]
</properties>
  <testcase classname="TuileTest" name="testGetBiome" time="0.003"/>
  <testcase classname="TuileTest" name="testSetAltitude" time="0"/>
  <testcase classname="TuileTest" name="testGetAltitude" time="0"/>
  <testcase classname="TuileTest" name="testSetHumidite" time="0"/>
  <testcase classname="TuileTest" name="testGetHumidite" time="0"/>
  <testcase classname="TuileTest" name="testSetBiome" time="0"/>
</testsuite>